
 ***********************************************
 Annealing Simulado Con Energia Cuantica **ASCEC**
 ASCEC-V02: February-2010

 Elemental composition of the system:
 O             2
 H             4
 There are a total of           6  nuclei
 Cube's length =   7.0000000000000000       A

 Number of molecules:           2
 Molecular composition
 w1                  H O H 
 w2                  H O H 

 Maximum displacement of each mass center =   1.0000000000000000       A
 Maximum rotation angle =   1.0000000000000000       radians
 Geometrical quenching route. To =   100.00000000000000       %dism =   5.0000000000000000       nT =          10

 Energy calculated with dalton         
 Hamiltonian: B3LYP   
 Basis set: 
 O   STO-2G              
 H   STO-3G              
 Charge =           0  Multiplicity =           1
 Processors:            1
 Seed =1822262020
 
 No wavefunction convergency for initial configuration

 History: (T(K),E(u.a.),n-eval)

  0.10E+03         -200.429301       1
   95.             -213.328675      21
     90.25       300               steps
   86.             -214.162718      58
     81.45       225               steps
     77.38       168               steps
   74.             -214.580913      41
   70.             -215.869511      48
     66.34       126               steps
     63.02        94               steps

 ** Normal annealing termination **
 Energy was evaluated        1083  times
 Energy evolution in tvse_1822262020.dat
 Configurations accepted by Max.-Boltz. statistics           0
 Accepted configurations in result_1822262020.xyz
 Lowest energy configuration in rless_1822262020.out
 Lowest energy =  -215.86951133132399       u.a.
 
 *************************************************

